<?xml version="1.0" encoding="UTF-8"?>
<!-- Generated by org.testng.reporters.JUnitReportReporter -->
<testsuite hostname="Shlomi-Desktop" failures="0" tests="1" name="tests.MainRunner" time="14.951" errors="0" timestamp="2022-11-23T20:52:39 IST" skipped="0">
  <testcase classname="tests.MainRunner" name="assignmentTest" time="14.951"/>
  <system-out/>
</testsuite> <!-- tests.MainRunner -->
